2019-02-10 22:34:09.633 INFO [restartedMain]com.hphclass.base_project.BaseProjectApplication.logStarting:50 -Starting BaseProjectApplication on ADDO with PID 217056 (F:\DevelopDownload\idea-workspace\base_project\target\classes started by Administrator in F:\DevelopDownload\idea-workspace\base_project)
2019-02-10 22:34:09.639 INFO [restartedMain]com.hphclass.base_project.BaseProjectApplication.logStartupProfileInfo:675 -No active profile set, falling back to default profiles: default
2019-02-10 22:34:09.772 INFO [restartedMain]o.s.b.devtools.env.DevToolsPropertyDefaultsPostProcessor.logTo:227 -Devtools property defaults active! Set 'spring.devtools.add-properties' to 'false' to disable
2019-02-10 22:34:09.774 INFO [restartedMain]o.s.b.devtools.env.DevToolsPropertyDefaultsPostProcessor.logTo:227 -For additional web related logging consider setting the 'logging.level.web' property to 'DEBUG'
2019-02-10 22:34:11.171 INFO [restartedMain]o.s.d.repository.config.RepositoryConfigurationDelegate.multipleStoresDetected:244 -Multiple Spring Data modules found, entering strict repository configuration mode!
2019-02-10 22:34:11.174 INFO [restartedMain]o.s.d.repository.config.RepositoryConfigurationDelegate.registerRepositoriesIn:126 -Bootstrapping Spring Data repositories in DEFAULT mode.
2019-02-10 22:34:11.289 INFO [restartedMain]o.s.d.repository.config.RepositoryConfigurationDelegate.registerRepositoriesIn:182 -Finished Spring Data repository scanning in 107ms. Found 1 repository interfaces.
2019-02-10 22:34:11.314 INFO [restartedMain]o.s.d.repository.config.RepositoryConfigurationDelegate.multipleStoresDetected:244 -Multiple Spring Data modules found, entering strict repository configuration mode!
2019-02-10 22:34:11.317 INFO [restartedMain]o.s.d.repository.config.RepositoryConfigurationDelegate.registerRepositoriesIn:126 -Bootstrapping Spring Data repositories in DEFAULT mode.
2019-02-10 22:34:11.351 INFO [restartedMain]o.s.d.r.config.RepositoryConfigurationExtensionSupport.isStrictRepositoryCandidate:363 -Spring Data Redis - Could not safely identify store assignment for repository candidate interface com.hphclass.base_project.repository.ArticleRepository.
2019-02-10 22:34:11.351 INFO [restartedMain]o.s.d.repository.config.RepositoryConfigurationDelegate.registerRepositoriesIn:182 -Finished Spring Data repository scanning in 13ms. Found 0 repository interfaces.
2019-02-10 22:34:14.534 INFO [restartedMain]o.s.boot.web.embedded.tomcat.TomcatWebServer.initialize:90 -Tomcat initialized with port(s): 8080 (http)
2019-02-10 22:34:14.588 INFO [restartedMain]org.apache.coyote.http11.Http11NioProtocol.log:173 -Initializing ProtocolHandler ["http-nio-8080"]
2019-02-10 22:34:14.629 INFO [restartedMain]org.apache.catalina.core.StandardService.log:173 -Starting service [Tomcat]
2019-02-10 22:34:14.630 INFO [restartedMain]org.apache.catalina.core.StandardEngine.log:173 -Starting Servlet engine: [Apache Tomcat/9.0.14]
2019-02-10 22:34:14.648 INFO [restartedMain]org.apache.catalina.core.AprLifecycleListener.log:173 -The APR based Apache Tomcat Native library which allows optimal performance in production environments was not found on the java.library.path: [D:\Develop\Java\jdk1.8.0_191\bin;C:\Windows\Sun\Java\bin;C:\Windows\system32;C:\Windows;D:\Develop\Java\jdk1.8.0_191\bin;D:\app\Administrator\product\11.2.0\dbhome_1\bin;C:\Windows\system32;C:\Windows;C:\Windows\System32\Wbem;C:\Windows\System32\WindowsPowerShell\v1.0\;C:\Windows\System32\OpenSSH\;D:\Develop\MySQL\MySQL Server 5.5\bin;D:\Develop\apache-tomcat-9.0.8\bin;D:\Develop\apache-maven-3.5.4\bin;C:\Users\Administrator.DESKTOP-SCN6MVB\AppData\Local\Microsoft\WindowsApps;;.]
2019-02-10 22:34:15.053 INFO [restartedMain]o.a.catalina.core.ContainerBase.[Tomcat].[localhost].[/].log:173 -Initializing Spring embedded WebApplicationContext
2019-02-10 22:34:15.055 INFO [restartedMain]org.springframework.web.context.ContextLoader.prepareWebApplicationContext:296 -Root WebApplicationContext: initialization completed in 5207 ms
2019-02-10 22:34:15.208 WARN [restartedMain]o.s.b.w.s.c.AnnotationConfigServletWebServerApplicationContext.refresh:554 -Exception encountered during context initialization - cancelling refresh attempt: org.springframework.beans.factory.UnsatisfiedDependencyException: Error creating bean with name 'articleController': Unsatisfied dependency expressed through field 'articleRepository'; nested exception is org.springframework.beans.factory.BeanCreationException: Error creating bean with name 'articleRepository': Cannot resolve reference to bean 'elasticsearchTemplate' while setting bean property 'elasticsearchOperations'; nested exception is org.springframework.beans.factory.NoSuchBeanDefinitionException: No bean named 'elasticsearchTemplate' available
2019-02-10 22:34:15.215 INFO [restartedMain]org.apache.catalina.core.StandardService.log:173 -Stopping service [Tomcat]
2019-02-10 22:34:15.245 INFO [restartedMain]o.s.b.a.logging.ConditionEvaluationReportLoggingListener.logMessage:142 -

Error starting ApplicationContext. To display the conditions report re-run your application with 'debug' enabled.
2019-02-10 22:40:44.916 INFO [restartedMain]com.hphclass.base_project.BaseProjectApplication.logStarting:50 -Starting BaseProjectApplication on ADDO with PID 221116 (F:\DevelopDownload\idea-workspace\base_project\target\classes started by Administrator in F:\DevelopDownload\idea-workspace\base_project)
2019-02-10 22:40:44.968 INFO [restartedMain]com.hphclass.base_project.BaseProjectApplication.logStartupProfileInfo:675 -No active profile set, falling back to default profiles: default
2019-02-10 22:40:45.234 INFO [restartedMain]o.s.b.devtools.env.DevToolsPropertyDefaultsPostProcessor.logTo:227 -Devtools property defaults active! Set 'spring.devtools.add-properties' to 'false' to disable
2019-02-10 22:40:45.235 INFO [restartedMain]o.s.b.devtools.env.DevToolsPropertyDefaultsPostProcessor.logTo:227 -For additional web related logging consider setting the 'logging.level.web' property to 'DEBUG'
2019-02-10 22:40:46.893 INFO [restartedMain]o.s.d.repository.config.RepositoryConfigurationDelegate.multipleStoresDetected:244 -Multiple Spring Data modules found, entering strict repository configuration mode!
2019-02-10 22:40:46.898 INFO [restartedMain]o.s.d.repository.config.RepositoryConfigurationDelegate.registerRepositoriesIn:126 -Bootstrapping Spring Data repositories in DEFAULT mode.
2019-02-10 22:40:47.058 INFO [restartedMain]o.s.d.repository.config.RepositoryConfigurationDelegate.registerRepositoriesIn:182 -Finished Spring Data repository scanning in 149ms. Found 1 repository interfaces.
2019-02-10 22:40:47.086 INFO [restartedMain]o.s.d.repository.config.RepositoryConfigurationDelegate.multipleStoresDetected:244 -Multiple Spring Data modules found, entering strict repository configuration mode!
2019-02-10 22:40:47.088 INFO [restartedMain]o.s.d.repository.config.RepositoryConfigurationDelegate.registerRepositoriesIn:126 -Bootstrapping Spring Data repositories in DEFAULT mode.
2019-02-10 22:40:47.122 INFO [restartedMain]o.s.d.r.config.RepositoryConfigurationExtensionSupport.isStrictRepositoryCandidate:363 -Spring Data Redis - Could not safely identify store assignment for repository candidate interface com.hphclass.base_project.repository.ArticleRepository.
2019-02-10 22:40:47.123 INFO [restartedMain]o.s.d.repository.config.RepositoryConfigurationDelegate.registerRepositoriesIn:182 -Finished Spring Data repository scanning in 13ms. Found 0 repository interfaces.
2019-02-10 22:40:48.683 INFO [restartedMain]o.s.boot.web.embedded.tomcat.TomcatWebServer.initialize:90 -Tomcat initialized with port(s): 8080 (http)
2019-02-10 22:40:48.715 INFO [restartedMain]org.apache.coyote.http11.Http11NioProtocol.log:173 -Initializing ProtocolHandler ["http-nio-8080"]
2019-02-10 22:40:48.738 INFO [restartedMain]org.apache.catalina.core.StandardService.log:173 -Starting service [Tomcat]
2019-02-10 22:40:48.739 INFO [restartedMain]org.apache.catalina.core.StandardEngine.log:173 -Starting Servlet engine: [Apache Tomcat/9.0.14]
2019-02-10 22:40:48.751 INFO [restartedMain]org.apache.catalina.core.AprLifecycleListener.log:173 -The APR based Apache Tomcat Native library which allows optimal performance in production environments was not found on the java.library.path: [D:\Develop\Java\jdk1.8.0_191\bin;C:\Windows\Sun\Java\bin;C:\Windows\system32;C:\Windows;D:\Develop\Java\jdk1.8.0_191\bin;D:\app\Administrator\product\11.2.0\dbhome_1\bin;C:\Windows\system32;C:\Windows;C:\Windows\System32\Wbem;C:\Windows\System32\WindowsPowerShell\v1.0\;C:\Windows\System32\OpenSSH\;D:\Develop\MySQL\MySQL Server 5.5\bin;D:\Develop\apache-tomcat-9.0.8\bin;D:\Develop\apache-maven-3.5.4\bin;C:\Users\Administrator.DESKTOP-SCN6MVB\AppData\Local\Microsoft\WindowsApps;;.]
2019-02-10 22:40:49.193 INFO [restartedMain]o.a.catalina.core.ContainerBase.[Tomcat].[localhost].[/].log:173 -Initializing Spring embedded WebApplicationContext
2019-02-10 22:40:49.194 INFO [restartedMain]org.springframework.web.context.ContextLoader.prepareWebApplicationContext:296 -Root WebApplicationContext: initialization completed in 3958 ms
2019-02-10 22:40:52.533 INFO [restartedMain]org.elasticsearch.plugins.PluginsService.logPluginInfo:190 -no modules loaded
2019-02-10 22:40:52.536 INFO [restartedMain]org.elasticsearch.plugins.PluginsService.logPluginInfo:193 -loaded plugin [org.elasticsearch.index.reindex.ReindexPlugin]
2019-02-10 22:40:52.537 INFO [restartedMain]org.elasticsearch.plugins.PluginsService.logPluginInfo:193 -loaded plugin [org.elasticsearch.join.ParentJoinPlugin]
2019-02-10 22:40:52.538 INFO [restartedMain]org.elasticsearch.plugins.PluginsService.logPluginInfo:193 -loaded plugin [org.elasticsearch.percolator.PercolatorPlugin]
2019-02-10 22:40:52.539 INFO [restartedMain]org.elasticsearch.plugins.PluginsService.logPluginInfo:193 -loaded plugin [org.elasticsearch.script.mustache.MustachePlugin]
2019-02-10 22:40:52.539 INFO [restartedMain]org.elasticsearch.plugins.PluginsService.logPluginInfo:193 -loaded plugin [org.elasticsearch.transport.Netty4Plugin]
2019-02-10 22:40:55.700 INFO [restartedMain]o.s.data.elasticsearch.client.TransportClientFactoryBean.lambda$buildClient$0:88 -Adding transport node : 101.132.153.32:9300
2019-02-10 22:41:18.705 INFO [restartedMain]o.s.boot.devtools.autoconfigure.OptionalLiveReloadServer.startServer:57 -LiveReload server is running on port 35729
2019-02-10 22:41:19.155 INFO [restartedMain]o.s.scheduling.concurrent.ThreadPoolTaskExecutor.initialize:171 -Initializing ExecutorService 'applicationTaskExecutor'
2019-02-10 22:41:20.718 INFO [restartedMain]org.apache.coyote.http11.Http11NioProtocol.log:173 -Starting ProtocolHandler ["http-nio-8080"]
2019-02-10 22:41:20.743 INFO [restartedMain]o.s.boot.web.embedded.tomcat.TomcatWebServer.start:204 -Tomcat started on port(s): 8080 (http) with context path ''
2019-02-10 22:41:20.747 INFO [restartedMain]com.hphclass.base_project.BaseProjectApplication.logStarted:59 -Started BaseProjectApplication in 37.044 seconds (JVM running for 40.666)
2019-02-10 22:43:06.889 INFO [http-nio-8080-exec-2]o.a.catalina.core.ContainerBase.[Tomcat].[localhost].[/].log:173 -Initializing Spring DispatcherServlet 'dispatcherServlet'
2019-02-10 22:43:06.890 INFO [http-nio-8080-exec-2]org.springframework.web.servlet.DispatcherServlet.initServletBean:524 -Initializing Servlet 'dispatcherServlet'
2019-02-10 22:43:06.902 INFO [http-nio-8080-exec-2]org.springframework.web.servlet.DispatcherServlet.initServletBean:546 -Completed initialization in 12 ms
2019-02-10 22:57:24.898 INFO [restartedMain]com.hphclass.base_project.BaseProjectApplication.logStarting:50 -Starting BaseProjectApplication on ADDO with PID 219044 (F:\DevelopDownload\idea-workspace\base_project\target\classes started by Administrator in F:\DevelopDownload\idea-workspace\base_project)
2019-02-10 22:57:24.905 INFO [restartedMain]com.hphclass.base_project.BaseProjectApplication.logStartupProfileInfo:675 -No active profile set, falling back to default profiles: default
2019-02-10 22:57:25.058 INFO [restartedMain]o.s.b.devtools.env.DevToolsPropertyDefaultsPostProcessor.logTo:227 -Devtools property defaults active! Set 'spring.devtools.add-properties' to 'false' to disable
2019-02-10 22:57:25.112 INFO [restartedMain]o.s.b.devtools.env.DevToolsPropertyDefaultsPostProcessor.logTo:227 -For additional web related logging consider setting the 'logging.level.web' property to 'DEBUG'
2019-02-10 22:57:26.562 INFO [restartedMain]o.s.d.repository.config.RepositoryConfigurationDelegate.multipleStoresDetected:244 -Multiple Spring Data modules found, entering strict repository configuration mode!
2019-02-10 22:57:26.565 INFO [restartedMain]o.s.d.repository.config.RepositoryConfigurationDelegate.registerRepositoriesIn:126 -Bootstrapping Spring Data repositories in DEFAULT mode.
2019-02-10 22:57:26.702 INFO [restartedMain]o.s.d.repository.config.RepositoryConfigurationDelegate.registerRepositoriesIn:182 -Finished Spring Data repository scanning in 128ms. Found 1 repository interfaces.
2019-02-10 22:57:26.727 INFO [restartedMain]o.s.d.repository.config.RepositoryConfigurationDelegate.multipleStoresDetected:244 -Multiple Spring Data modules found, entering strict repository configuration mode!
2019-02-10 22:57:26.729 INFO [restartedMain]o.s.d.repository.config.RepositoryConfigurationDelegate.registerRepositoriesIn:126 -Bootstrapping Spring Data repositories in DEFAULT mode.
2019-02-10 22:57:26.756 INFO [restartedMain]o.s.d.r.config.RepositoryConfigurationExtensionSupport.isStrictRepositoryCandidate:363 -Spring Data Redis - Could not safely identify store assignment for repository candidate interface com.hphclass.base_project.repository.ArticleRepository.
2019-02-10 22:57:26.756 INFO [restartedMain]o.s.d.repository.config.RepositoryConfigurationDelegate.registerRepositoriesIn:182 -Finished Spring Data repository scanning in 12ms. Found 0 repository interfaces.
2019-02-10 22:57:28.060 INFO [restartedMain]o.s.boot.web.embedded.tomcat.TomcatWebServer.initialize:90 -Tomcat initialized with port(s): 8080 (http)
2019-02-10 22:57:28.084 INFO [restartedMain]org.apache.coyote.http11.Http11NioProtocol.log:173 -Initializing ProtocolHandler ["http-nio-8080"]
2019-02-10 22:57:28.101 INFO [restartedMain]org.apache.catalina.core.StandardService.log:173 -Starting service [Tomcat]
2019-02-10 22:57:28.102 INFO [restartedMain]org.apache.catalina.core.StandardEngine.log:173 -Starting Servlet engine: [Apache Tomcat/9.0.14]
2019-02-10 22:57:28.112 INFO [restartedMain]org.apache.catalina.core.AprLifecycleListener.log:173 -The APR based Apache Tomcat Native library which allows optimal performance in production environments was not found on the java.library.path: [D:\Develop\Java\jdk1.8.0_191\bin;C:\Windows\Sun\Java\bin;C:\Windows\system32;C:\Windows;D:\Develop\Java\jdk1.8.0_191\bin;D:\app\Administrator\product\11.2.0\dbhome_1\bin;C:\Windows\system32;C:\Windows;C:\Windows\System32\Wbem;C:\Windows\System32\WindowsPowerShell\v1.0\;C:\Windows\System32\OpenSSH\;D:\Develop\MySQL\MySQL Server 5.5\bin;D:\Develop\apache-tomcat-9.0.8\bin;D:\Develop\apache-maven-3.5.4\bin;C:\Users\Administrator.DESKTOP-SCN6MVB\AppData\Local\Microsoft\WindowsApps;;.]
2019-02-10 22:57:28.427 INFO [restartedMain]o.a.catalina.core.ContainerBase.[Tomcat].[localhost].[/].log:173 -Initializing Spring embedded WebApplicationContext
2019-02-10 22:57:28.428 INFO [restartedMain]org.springframework.web.context.ContextLoader.prepareWebApplicationContext:296 -Root WebApplicationContext: initialization completed in 3315 ms
2019-02-10 22:57:30.336 INFO [restartedMain]org.elasticsearch.plugins.PluginsService.logPluginInfo:190 -no modules loaded
2019-02-10 22:57:30.338 INFO [restartedMain]org.elasticsearch.plugins.PluginsService.logPluginInfo:193 -loaded plugin [org.elasticsearch.index.reindex.ReindexPlugin]
2019-02-10 22:57:30.339 INFO [restartedMain]org.elasticsearch.plugins.PluginsService.logPluginInfo:193 -loaded plugin [org.elasticsearch.join.ParentJoinPlugin]
2019-02-10 22:57:30.340 INFO [restartedMain]org.elasticsearch.plugins.PluginsService.logPluginInfo:193 -loaded plugin [org.elasticsearch.percolator.PercolatorPlugin]
2019-02-10 22:57:30.341 INFO [restartedMain]org.elasticsearch.plugins.PluginsService.logPluginInfo:193 -loaded plugin [org.elasticsearch.script.mustache.MustachePlugin]
2019-02-10 22:57:30.341 INFO [restartedMain]org.elasticsearch.plugins.PluginsService.logPluginInfo:193 -loaded plugin [org.elasticsearch.transport.Netty4Plugin]
2019-02-10 22:57:33.388 INFO [restartedMain]o.s.data.elasticsearch.client.TransportClientFactoryBean.lambda$buildClient$0:88 -Adding transport node : 101.132.153.32:9300
2019-02-10 22:57:35.515 INFO [restartedMain]o.s.boot.devtools.autoconfigure.OptionalLiveReloadServer.startServer:57 -LiveReload server is running on port 35729
2019-02-10 22:57:36.969 INFO [restartedMain]o.s.scheduling.concurrent.ThreadPoolTaskExecutor.initialize:171 -Initializing ExecutorService 'applicationTaskExecutor'
2019-02-10 22:57:38.801 INFO [restartedMain]org.apache.coyote.http11.Http11NioProtocol.log:173 -Starting ProtocolHandler ["http-nio-8080"]
2019-02-10 22:57:38.883 INFO [restartedMain]o.s.boot.web.embedded.tomcat.TomcatWebServer.start:204 -Tomcat started on port(s): 8080 (http) with context path ''
2019-02-10 22:57:38.890 INFO [restartedMain]com.hphclass.base_project.BaseProjectApplication.logStarted:59 -Started BaseProjectApplication in 15.442 seconds (JVM running for 18.971)
2019-02-10 22:58:45.178 INFO [http-nio-8080-exec-1]o.a.catalina.core.ContainerBase.[Tomcat].[localhost].[/].log:173 -Initializing Spring DispatcherServlet 'dispatcherServlet'
2019-02-10 22:58:45.179 INFO [http-nio-8080-exec-1]org.springframework.web.servlet.DispatcherServlet.initServletBean:524 -Initializing Servlet 'dispatcherServlet'
2019-02-10 22:58:45.188 INFO [http-nio-8080-exec-1]org.springframework.web.servlet.DispatcherServlet.initServletBean:546 -Completed initialization in 9 ms
